<?xml version="1.0" encoding="UTF-8"?>
<testsuite xmlns:xsi="http://www.w3.org/2001/XMLSchema-instance" xsi:noNamespaceSchemaLocation="https://maven.apache.org/surefire/maven-surefire-plugin/xsd/surefire-test-report-3.0.xsd" version="3.0" name="ro.lab.lab4web.Lab4WebApplicationTests" time="3.758" tests="5" errors="0" skipped="0" failures="0">
  <properties>
[...]
</properties>
  <testcase name="searchProductsReturnsProductsFilteredByName" classname="ro.lab.lab4web.Lab4WebApplicationTests" time="0.786">
    <system-out><![CDATA[18:20:11.652 [main] INFO org.springframework.test.context.support.AnnotationConfigContextLoaderUtils -- Could not detect default configuration classes for test class [ro.lab.lab4web.Lab4WebApplicationTests]: Lab4WebApplicationTests does not declare any static, non-private, non-final, nested classes annotated with @Configuration.
18:20:11.763 [main] INFO org.springframework.boot.test.context.SpringBootTestContextBootstrapper -- Found @SpringBootConfiguration ro.lab.lab4web.Lab4WebApplication for test class ro.lab.lab4web.Lab4WebApplicationTests

  .   ____          _            __ _ _
 /\\ / ___'_ __ _ _(_)_ __  __ _ \ \ \ \
( ( )\___ | '_ | '_| | '_ \/ _` | \ \ \ \
 \\/  ___)| |_)| | | | | || (_| |  ) ) ) )
  '  |____| .__|_| |_|_| |_\__, | / / / /
 =========|_|==============|___/=/_/_/_/

 :: Spring Boot ::                (v3.3.5)

2026-04-30T18:20:12.206+03:00  INFO 33212 --- [           main] ro.lab.lab4web.Lab4WebApplicationTests   : Starting Lab4WebApplicationTests using Java 21.0.10 with PID 33212 (started by ASUS in C:\Users\ASUS\Documents\lab4_web)
2026-04-30T18:20:12.207+03:00  INFO 33212 --- [           main] ro.lab.lab4web.Lab4WebApplicationTests   : No active profile set, falling back to 1 default profile: "default"
2026-04-30T18:20:13.464+03:00  INFO 33212 --- [           main] o.s.b.t.m.w.SpringBootMockServletContext : Initializing Spring TestDispatcherServlet ''
2026-04-30T18:20:13.465+03:00  INFO 33212 --- [           main] o.s.t.web.servlet.TestDispatcherServlet  : Initializing Servlet ''
2026-04-30T18:20:13.466+03:00  INFO 33212 --- [           main] o.s.t.web.servlet.TestDispatcherServlet  : Completed initialization in 0 ms
2026-04-30T18:20:13.483+03:00  INFO 33212 --- [           main] ro.lab.lab4web.Lab4WebApplicationTests   : Started Lab4WebApplicationTests in 1.58 seconds (process running for 2.517)
]]></system-out>
    <system-err><![CDATA[WARNING: A Java agent has been loaded dynamically (C:\Users\ASUS\.m2\repository\net\bytebuddy\byte-buddy-agent\1.14.19\byte-buddy-agent-1.14.19.jar)
WARNING: If a serviceability tool is in use, please run with -XX:+EnableDynamicAgentLoading to hide this warning
WARNING: If a serviceability tool is not in use, please run with -Djdk.instrument.traceUsage for more information
WARNING: Dynamic loading of agents will be disallowed by default in a future release
]]></system-err>
  </testcase>
  <testcase name="contextLoads" classname="ro.lab.lab4web.Lab4WebApplicationTests" time="0.003">
    <system-out><![CDATA[
  .   ____          _            __ _ _
 /\\ / ___'_ __ _ _(_)_ __  __ _ \ \ \ \
( ( )\___ | '_ | '_| | '_ \/ _` | \ \ \ \
 \\/  ___)| |_)| | | | | || (_| |  ) ) ) )
  '  |____| .__|_| |_|_| |_\__, | / / / /
 =========|_|==============|___/=/_/_/_/

 :: Spring Boot ::                (v3.3.5)

2026-04-30T18:20:14.311+03:00  INFO 33212 --- [           main] ro.lab.lab4web.Lab4WebApplicationTests   : Starting Lab4WebApplicationTests using Java 21.0.10 with PID 33212 (started by ASUS in C:\Users\ASUS\Documents\lab4_web)
2026-04-30T18:20:14.311+03:00  INFO 33212 --- [           main] ro.lab.lab4web.Lab4WebApplicationTests   : No active profile set, falling back to 1 default profile: "default"
2026-04-30T18:20:14.477+03:00  INFO 33212 --- [           main] o.s.b.t.m.w.SpringBootMockServletContext : Initializing Spring TestDispatcherServlet ''
2026-04-30T18:20:14.477+03:00  INFO 33212 --- [           main] o.s.t.web.servlet.TestDispatcherServlet  : Initializing Servlet ''
2026-04-30T18:20:14.478+03:00  INFO 33212 --- [           main] o.s.t.web.servlet.TestDispatcherServlet  : Completed initialization in 1 ms
2026-04-30T18:20:14.481+03:00  INFO 33212 --- [           main] ro.lab.lab4web.Lab4WebApplicationTests   : Started Lab4WebApplicationTests in 0.19 seconds (process running for 3.515)
]]></system-out>
  </testcase>
  <testcase name="createProductReturnsBadRequestForInvalidData" classname="ro.lab.lab4web.Lab4WebApplicationTests" time="0.165">
    <system-out><![CDATA[
  .   ____          _            __ _ _
 /\\ / ___'_ __ _ _(_)_ __  __ _ \ \ \ \
( ( )\___ | '_ | '_| | '_ \/ _` | \ \ \ \
 \\/  ___)| |_)| | | | | || (_| |  ) ) ) )
  '  |____| .__|_| |_|_| |_\__, | / / / /
 =========|_|==============|___/=/_/_/_/

 :: Spring Boot ::                (v3.3.5)

2026-04-30T18:20:14.503+03:00  INFO 33212 --- [           main] ro.lab.lab4web.Lab4WebApplicationTests   : Starting Lab4WebApplicationTests using Java 21.0.10 with PID 33212 (started by ASUS in C:\Users\ASUS\Documents\lab4_web)
2026-04-30T18:20:14.503+03:00  INFO 33212 --- [           main] ro.lab.lab4web.Lab4WebApplicationTests   : No active profile set, falling back to 1 default profile: "default"
2026-04-30T18:20:14.662+03:00  INFO 33212 --- [           main] o.s.b.t.m.w.SpringBootMockServletContext : Initializing Spring TestDispatcherServlet ''
2026-04-30T18:20:14.662+03:00  INFO 33212 --- [           main] o.s.t.web.servlet.TestDispatcherServlet  : Initializing Servlet ''
2026-04-30T18:20:14.662+03:00  INFO 33212 --- [           main] o.s.t.web.servlet.TestDispatcherServlet  : Completed initialization in 0 ms
2026-04-30T18:20:14.668+03:00  INFO 33212 --- [           main] ro.lab.lab4web.Lab4WebApplicationTests   : Started Lab4WebApplicationTests in 0.18 seconds (process running for 3.701)
]]></system-out>
  </testcase>
  <testcase name="countProductsReturnsTotalNumberOfProducts" classname="ro.lab.lab4web.Lab4WebApplicationTests" time="0.016">
    <system-out><![CDATA[
  .   ____          _            __ _ _
 /\\ / ___'_ __ _ _(_)_ __  __ _ \ \ \ \
( ( )\___ | '_ | '_| | '_ \/ _` | \ \ \ \
 \\/  ___)| |_)| | | | | || (_| |  ) ) ) )
  '  |____| .__|_| |_|_| |_\__, | / / / /
 =========|_|==============|___/=/_/_/_/

 :: Spring Boot ::                (v3.3.5)

2026-04-30T18:20:14.853+03:00  INFO 33212 --- [           main] ro.lab.lab4web.Lab4WebApplicationTests   : Starting Lab4WebApplicationTests using Java 21.0.10 with PID 33212 (started by ASUS in C:\Users\ASUS\Documents\lab4_web)
2026-04-30T18:20:14.854+03:00  INFO 33212 --- [           main] ro.lab.lab4web.Lab4WebApplicationTests   : No active profile set, falling back to 1 default profile: "default"
2026-04-30T18:20:15.022+03:00  INFO 33212 --- [           main] o.s.b.t.m.w.SpringBootMockServletContext : Initializing Spring TestDispatcherServlet ''
2026-04-30T18:20:15.022+03:00  INFO 33212 --- [           main] o.s.t.web.servlet.TestDispatcherServlet  : Initializing Servlet ''
2026-04-30T18:20:15.022+03:00  INFO 33212 --- [           main] o.s.t.web.servlet.TestDispatcherServlet  : Completed initialization in 0 ms
2026-04-30T18:20:15.029+03:00  INFO 33212 --- [           main] ro.lab.lab4web.Lab4WebApplicationTests   : Started Lab4WebApplicationTests in 0.194 seconds (process running for 4.062)
]]></system-out>
  </testcase>
  <testcase name="createProductReturnsProductResponse" classname="ro.lab.lab4web.Lab4WebApplicationTests" time="0.01">
    <system-out><![CDATA[
  .   ____          _            __ _ _
 /\\ / ___'_ __ _ _(_)_ __  __ _ \ \ \ \
( ( )\___ | '_ | '_| | '_ \/ _` | \ \ \ \
 \\/  ___)| |_)| | | | | || (_| |  ) ) ) )
  '  |____| .__|_| |_|_| |_\__, | / / / /
 =========|_|==============|___/=/_/_/_/

 :: Spring Boot ::                (v3.3.5)

2026-04-30T18:20:15.061+03:00  INFO 33212 --- [           main] ro.lab.lab4web.Lab4WebApplicationTests   : Starting Lab4WebApplicationTests using Java 21.0.10 with PID 33212 (started by ASUS in C:\Users\ASUS\Documents\lab4_web)
2026-04-30T18:20:15.061+03:00  INFO 33212 --- [           main] ro.lab.lab4web.Lab4WebApplicationTests   : No active profile set, falling back to 1 default profile: "default"
2026-04-30T18:20:15.204+03:00  INFO 33212 --- [           main] o.s.b.t.m.w.SpringBootMockServletContext : Initializing Spring TestDispatcherServlet ''
2026-04-30T18:20:15.204+03:00  INFO 33212 --- [           main] o.s.t.web.servlet.TestDispatcherServlet  : Initializing Servlet ''
2026-04-30T18:20:15.204+03:00  INFO 33212 --- [           main] o.s.t.web.servlet.TestDispatcherServlet  : Completed initialization in 0 ms
2026-04-30T18:20:15.206+03:00  INFO 33212 --- [           main] ro.lab.lab4web.Lab4WebApplicationTests   : Started Lab4WebApplicationTests in 0.158 seconds (process running for 4.24)
]]></system-out>
  </testcase>
</testsuite>